{"logTime": "0922/202035", "correlationVector":"1iA0p7V11n5jDyV6zBUJul.1","action":"SyncServerConnectionManagerRequest", "result":"SYNC_SERVER_OK", "context":{"environment":"Prod_brazilsouth_prod-s01-034-sam-brazilsouth", "migrationStage":"NotStarted", "server":"akswtt013000009"}}
{"logTime": "0922/202035", "correlationVector":"1iA0p7V11n5jDyV6zBUJul.2","action":"ProcessGetUpdates", "result":"Done", "context":{"dataType":"Encryption Keys", "deleted":"0", "process_failed_to_decrypt":"0", "process_pending_decryption":"0", "process_success":"1", "total":"1"}}
{"logTime": "0922/202036", "correlationVector":"mdwUuYIaR2gDL3MdOtN/td","action":"SyncServerConnectionManagerRequest", "result":"SYNC_SERVER_OK", "context":{"environment":"", "migrationStage":"", "server":""}}
{"logTime": "0922/202036", "correlationVector":"mdwUuYIaR2gDL3MdOtN/td.0","action":"EncryptionKeysFetcher.DownloadKeys:", "result":"Success", "context":Key count: 8, Last key timestamp: 2025-04-29T13:59:59Z}
{"logTime": "0922/202036", "correlationVector":"mdwUuYIaR2gDL3MdOtN/td.1","action":"EncryptionKeysManager::SetEncryptionKeys:", "result":"Success", "context":Key names[8]:[5a5IzourDsKeqddVsV4eQ39f2TQUf5S7XDEkalI0mFXJaq8AIUgfjlZVqYsaoHKwjbgexQCNQCpQ9faHtECaZg==][O7zWr5iOSoOQVAz+Z1LVEOEkU5L9t1GXLVHhEequ3qDAdFfq2fww+HmoQtSJA2/JOnhEKj8rI6EEpMYikKiI1A==][py0EbjykmXkHTl5Tc2V3xnkGo7QWSYMbEWej3ZpUliLsPzQLIx7EEb+0VZTVjXiyW8Y/7VaO22Hw0PRmmUTZjw==][s4YD//2oCsaoXbM8hqh3UgIo2w3Udm2bUr55s+K65jXtcxopph/E7vmTJdD0p0XsIh5lv+cfDqcSdOifIT/TzQ==][K7CS+ERxKyB60pVGV7IXdqdSF82ywhHqXtImz/5bZyoh/pH7Zyh93P/4WR73vkmRnuZgnpkckPBLG2NoTbPTnQ==][rInrpbsI5cE1dcqRi6sE/IenaGdYzTsdRV/goeeMdgksKU/Uy7/QhEoPxngjK7CVfPqvyFeEwShmdGr6v5rMBw==][FAa0boNr+a4aXcROgUJicMTrdKWrUx4qwxQvYcn8HSQe+imO2dlxuBaD9CQa5ow/FoZEVDT92yY/Oj3bNsNglA==][adgDZY/Q9Lyo17IO7NQcKPZ4GBXEDK0IL3bQReIfE8jVK6jYTCwOqNQHJXzFeMbcpq6j88HFBw4z3Bo1kdAY9g==]}
{"logTime": "0922/202036", "correlationVector":"mdwUuYIaR2gDL3MdOtN/td.2","action":"EncryptionKeysManager::SetEncryptionKeysWithTimestamps:", "result":"Success", "context":Key timestamps[8]:[2020-07-15T12:17:10Z][2021-01-20T13:52:11Z][2022-11-25T15:13:30Z][2023-06-04T16:41:35Z][2023-12-04T18:04:29Z][2024-06-02T13:07:50Z][2024-12-01T22:57:23Z][2025-04-29T13:59:59Z]}
{"logTime": "0922/202036", "correlationVector":"1iA0p7V11n5jDyV6zBUJul","action":"Initial GetUpdates", "result":"", "context":Reason: NEW_CLIENT. cV=1iA0p7V11n5jDyV6zBUJul}
{"logTime": "0922/202036", "correlationVector":"1iA0p7V11n5jDyV6zBUJul.3","action":"GetUpdates Response", "result":"Success", "context":Received 1 update(s). cV=1iA0p7V11n5jDyV6zBUJul.0;server=akswtt013000009;cloudType=Consumer;environment=Prod_brazilsouth_prod-s01-034-sam-brazilsouth;migrationStage=NotStarted}
{"logTime": "0922/202036", "correlationVector":"rZR7IZxPSvJ5jf59X17SHm","action":"Initial GetUpdates", "result":"", "context":Reason: NEWLY_SUPPORTED_DATATYPE. cV=rZR7IZxPSvJ5jf59X17SHm}
{"logTime": "0922/202037", "correlationVector":"rZR7IZxPSvJ5jf59X17SHm.1","action":"SyncServerConnectionManagerRequest", "result":"SYNC_SERVER_OK", "context":{"environment":"Prod_brazilsouth_prod-s01-001-sam-brazilsouth", "migrationStage":"NotStarted", "server":"akswtt21700000k"}}
{"logTime": "0922/202037", "correlationVector":"rZR7IZxPSvJ5jf59X17SHm.2","action":"ProcessGetUpdates", "result":"Done", "context":{"dataType":"Preferences", "deleted":"0", "process_failed_to_decrypt":"0", "process_pending_decryption":"0", "process_success":"55", "total":"55"}}
{"logTime": "0922/202037", "correlationVector":"rZR7IZxPSvJ5jf59X17SHm.3","action":"ProcessGetUpdates", "result":"Done", "context":{"dataType":"Passwords", "deleted":"0", "process_failed_to_decrypt":"0", "process_pending_decryption":"0", "process_success":"117", "total":"117"}}
{"logTime": "0922/202037", "correlationVector":"rZR7IZxPSvJ5jf59X17SHm.4","action":"ProcessGetUpdates", "result":"Done", "context":{"dataType":"Device Info", "deleted":"0", "process_failed_to_decrypt":"0", "process_pending_decryption":"0", "process_success":"5", "total":"5"}}
{"logTime": "0922/202037", "correlationVector":"rZR7IZxPSvJ5jf59X17SHm.5","action":"GetUpdates Response", "result":"Success", "context":Received 177 update(s). cV=rZR7IZxPSvJ5jf59X17SHm.0;server=akswtt21700000k;cloudType=Consumer;environment=Prod_brazilsouth_prod-s01-001-sam-brazilsouth;migrationStage=NotStarted}
{"logTime": "0922/202037", "correlationVector":"UHMdwHBKfj6jsiZflhw/+1","action":"Initial GetUpdates", "result":"", "context":Reason: NEWLY_SUPPORTED_DATATYPE. cV=UHMdwHBKfj6jsiZflhw/+1}
{"logTime": "0922/202037", "correlationVector":"UHMdwHBKfj6jsiZflhw/+1.1","action":"SyncServerConnectionManagerRequest", "result":"SYNC_SERVER_OK", "context":{"environment":"Prod_brazilsouth_prod-s01-001-sam-brazilsouth", "migrationStage":"NotStarted", "server":"akswtt217000019"}}
{"logTime": "0922/202037", "correlationVector":"UHMdwHBKfj6jsiZflhw/+1.2","action":"ProcessGetUpdates", "result":"Done", "context":{"dataType":"Bookmarks", "deleted":"0", "process_failed_to_decrypt":"0", "process_pending_decryption":"0", "process_success":"38", "total":"38"}}
{"logTime": "0922/202037", "correlationVector":"UHMdwHBKfj6jsiZflhw/+1.3","action":"GetUpdates Response", "result":"Success", "context":Received 38 update(s). cV=UHMdwHBKfj6jsiZflhw/+1.0;server=akswtt217000019;cloudType=Consumer;environment=Prod_brazilsouth_prod-s01-001-sam-brazilsouth;migrationStage=NotStarted}
{"logTime": "0922/202038", "correlationVector":"kJx29/H5v5tzqK3TScJCPb","action":"Initial GetUpdates", "result":"", "context":Reason: NEWLY_SUPPORTED_DATATYPE. cV=kJx29/H5v5tzqK3TScJCPb}
{"logTime": "0922/202038", "correlationVector":"kJx29/H5v5tzqK3TScJCPb.1","action":"SyncServerConnectionManagerRequest", "result":"SYNC_SERVER_OK", "context":{"environment":"Prod_brazilsouth_prod-s01-001-sam-brazilsouth", "migrationStage":"NotStarted", "server":"akswtt217000013"}}
{"logTime": "0922/202038", "correlationVector":"kJx29/H5v5tzqK3TScJCPb.2","action":"ProcessGetUpdates", "result":"Done", "context":{"dataType":"Autofill Profiles", "deleted":"2", "process_failed_to_decrypt":"0", "process_pending_decryption":"0", "process_success":"15", "total":"15"}}
{"logTime": "0922/202038", "correlationVector":"kJx29/H5v5tzqK3TScJCPb.3","action":"ProcessGetUpdates", "result":"Done", "context":{"dataType":"Autofill", "deleted":"0", "process_failed_to_decrypt":"0", "process_pending_decryption":"0", "process_success":"14", "total":"14"}}
{"logTime": "0922/202038", "correlationVector":"kJx29/H5v5tzqK3TScJCPb.4","action":"ProcessGetUpdates", "result":"Done", "context":{"dataType":"Extensions", "deleted":"0", "process_failed_to_decrypt":"0", "process_pending_decryption":"0", "process_success":"2", "total":"2"}}
{"logTime": "0922/202038", "correlationVector":"kJx29/H5v5tzqK3TScJCPb.5","action":"ProcessGetUpdates", "result":"Done", "context":{"dataType":"Sessions", "deleted":"2", "process_failed_to_decrypt":"0", "process_pending_decryption":"0", "process_success":"2", "total":"2"}}
{"logTime": "0922/202038", "correlationVector":"kJx29/H5v5tzqK3TScJCPb.6","action":"ProcessGetUpdates", "result":"Done", "context":{"dataType":"Web Apps", "deleted":"0", "process_failed_to_decrypt":"0", "process_pending_decryption":"0", "process_success":"1", "total":"1"}}
{"logTime": "0922/202038", "correlationVector":"kJx29/H5v5tzqK3TScJCPb.7","action":"ProcessGetUpdates", "result":"Done", "context":{"dataType":"Edge Hub App Usage", "deleted":"2", "process_failed_to_decrypt":"0", "process_pending_decryption":"0", "process_success":"2", "total":"2"}}
{"logTime": "0922/202038", "correlationVector":"kJx29/H5v5tzqK3TScJCPb.8","action":"GetUpdates Response", "result":"Success", "context":Received 36 update(s). cV=kJx29/H5v5tzqK3TScJCPb.0;server=akswtt217000013;cloudType=Consumer;environment=Prod_brazilsouth_prod-s01-001-sam-brazilsouth;migrationStage=NotStarted}
{"logTime": "0922/202038", "correlationVector":"D4MMm9ivjuCa1FObTPCmC0","action":"Initial GetUpdates", "result":"", "context":Reason: NEWLY_SUPPORTED_DATATYPE. cV=D4MMm9ivjuCa1FObTPCmC0}
{"logTime": "0922/202039", "correlationVector":"D4MMm9ivjuCa1FObTPCmC0.1","action":"SyncServerConnectionManagerRequest", "result":"SYNC_SERVER_OK", "context":{"environment":"Prod_brazilsouth_prod-s01-001-sam-brazilsouth", "migrationStage":"NotStarted", "server":"akswtt217000012"}}
{"logTime": "0922/202039", "correlationVector":"D4MMm9ivjuCa1FObTPCmC0.2","action":"ProcessGetUpdates", "result":"Done", "context":{"dataType":"History", "deleted":"0", "process_failed_to_decrypt":"0", "process_pending_decryption":"0", "process_success":"5", "total":"5"}}
{"logTime": "0922/202039", "correlationVector":"D4MMm9ivjuCa1FObTPCmC0.3","action":"GetUpdates Response", "result":"Success", "context":Received 5 update(s). cV=D4MMm9ivjuCa1FObTPCmC0.0;server=akswtt217000012;cloudType=Consumer;environment=Prod_brazilsouth_prod-s01-001-sam-brazilsouth;migrationStage=NotStarted}
{"logTime": "0922/202039", "correlationVector":"1bQ92Zea2QoktDGKeqR9u9","action":"Normal GetUpdate request", "result":"", "context":cV=1bQ92Zea2QoktDGKeqR9u9
Nudged types: Preferences, Passwords, Sessions, Device Info, User Consents
Refresh requested types: Bookmarks, Preferences, Passwords, Autofill Profiles, Autofill, Extensions, Sessions, Extension settings, History Delete Directives, Device Info, User Consents, Send Tab To Self, Web Apps, History, Saved Tab Group, WebAuthn Credentials, Collection, Edge E Drop, Edge Hub App Usage, Edge Wallet, Encryption Keys}
{"logTime": "0922/202039", "correlationVector":"1bQ92Zea2QoktDGKeqR9u9.1","action":"SyncServerConnectionManagerRequest", "result":"SYNC_SERVER_OK", "context":{"environment":"Prod_brazilsouth_prod-s01-001-sam-brazilsouth", "migrationStage":"NotStarted", "server":"akswtt217000012"}}
{"logTime": "0922/202039", "correlationVector":"1bQ92Zea2QoktDGKeqR9u9.2","action":"GetUpdates Response", "result":"Success", "context":Received 0 update(s). cV=1bQ92Zea2QoktDGKeqR9u9.0;server=akswtt217000012;cloudType=Consumer;environment=Prod_brazilsouth_prod-s01-001-sam-brazilsouth;migrationStage=NotStarted}
{"logTime": "0922/202040", "correlationVector":"93ZIMMwIfEwBrChmjQSCr7","action":"Commit Request", "result":"", "context":Item count: 8
Contributing types: Preferences, Passwords, Sessions, Device Info, User Consents}
{"logTime": "0922/202041", "correlationVector":"93ZIMMwIfEwBrChmjQSCr7.1","action":"SyncServerConnectionManagerRequest", "result":"SYNC_SERVER_OK", "context":{"environment":"Prod_brazilsouth_prod-s01-034-sam-brazilsouth", "migrationStage":"NotStarted", "server":"akswtt01300000o"}}
{"logTime": "0922/202041", "correlationVector":"93ZIMMwIfEwBrChmjQSCr7.2","action":"Commit Response", "result":"Success", "context":Result: Success. cV=93ZIMMwIfEwBrChmjQSCr7.0;server=akswtt01300000o;cloudType=Consumer;environment=Prod_brazilsouth_prod-s01-034-sam-brazilsouth;migrationStage=NotStarted}
{"logTime": "0922/202042", "correlationVector":"qhE6Lb8dVc5gZFG9agxtxI","action":"Commit Request", "result":"", "context":Item count: 1
Contributing types: Edge Hub App Usage}
{"logTime": "0922/202042", "correlationVector":"qhE6Lb8dVc5gZFG9agxtxI.1","action":"SyncServerConnectionManagerRequest", "result":"SYNC_SERVER_OK", "context":{"environment":"Prod_brazilsouth_prod-s01-034-sam-brazilsouth", "migrationStage":"NotStarted", "server":"akswtt01300000v"}}
{"logTime": "0922/202042", "correlationVector":"qhE6Lb8dVc5gZFG9agxtxI.2","action":"Commit Response", "result":"Success", "context":Result: Success. cV=qhE6Lb8dVc5gZFG9agxtxI.0;server=akswtt01300000v;cloudType=Consumer;environment=Prod_brazilsouth_prod-s01-034-sam-brazilsouth;migrationStage=NotStarted}
{"logTime": "0922/202102", "correlationVector":"GAjJ9w2RRp3N7WDbtj4cCp","action":"Commit Request", "result":"", "context":Item count: 3
Contributing types: Preferences, Sessions, History}
{"logTime": "0922/202103", "correlationVector":"GAjJ9w2RRp3N7WDbtj4cCp.1","action":"SyncServerConnectionManagerRequest", "result":"SYNC_SERVER_OK", "context":{"environment":"Prod_brazilsouth_prod-s01-001-sam-brazilsouth", "migrationStage":"NotStarted", "server":"akswtt217000014"}}
{"logTime": "0922/202103", "correlationVector":"GAjJ9w2RRp3N7WDbtj4cCp.2","action":"Commit Response", "result":"Success", "context":Result: Success. cV=GAjJ9w2RRp3N7WDbtj4cCp.0;server=akswtt217000014;cloudType=Consumer;environment=Prod_brazilsouth_prod-s01-001-sam-brazilsouth;migrationStage=NotStarted}
